[2018-12-15T08:33:43.950] [INFO] billbill_download - you-get  -o ./videos https://www.bilibili.com/video/avundefined 
[2018-12-15T08:33:44.494] [ERROR] billbill_download - exec error: Error: Command failed: you-get  -o ./videos https://www.bilibili.com/video/avundefined 
[33;1myou-get: [error] oops, something went wrong.[0m
[33;1myou-get: don't panic, c'est la vie. please try the following steps:[0m
[33;1myou-get:   (1) Rule out any network problem.[0m
[33;1myou-get:   (2) Make sure you-get is up-to-date.[0m
[33;1myou-get:   (3) Check if the issue is already known, on[0m
[33;1myou-get:         https://github.com/soimort/you-get/wiki/Known-Bugs[0m
[33;1myou-get:         https://github.com/soimort/you-get/issues[0m
[33;1myou-get:   (4) Run the command with '--debug' option,[0m
[33;1myou-get:       and report this issue with the full output.[0m
 you-get  -o ./videos https://www.bilibili.com/video/avundefined 
[2018-12-15T08:37:00.712] [INFO] billbill_download - you-get  -o ./videos https://www.bilibili.com/video/avvideolist 
[2018-12-15T08:37:02.283] [ERROR] billbill_download - exec error: Error: Command failed: you-get  -o ./videos https://www.bilibili.com/video/avvideolist 
[33;1myou-get: [error] oops, something went wrong.[0m
[33;1myou-get: don't panic, c'est la vie. please try the following steps:[0m
[33;1myou-get:   (1) Rule out any network problem.[0m
[33;1myou-get:   (2) Make sure you-get is up-to-date.[0m
[33;1myou-get:   (3) Check if the issue is already known, on[0m
[33;1myou-get:         https://github.com/soimort/you-get/wiki/Known-Bugs[0m
[33;1myou-get:         https://github.com/soimort/you-get/issues[0m
[33;1myou-get:   (4) Run the command with '--debug' option,[0m
[33;1myou-get:       and report this issue with the full output.[0m
 you-get  -o ./videos https://www.bilibili.com/video/avvideolist 
[2018-12-15T08:37:02.283] [INFO] billbill_download - you-get  -o ./videos https://www.bilibili.com/video/avundefined 
[2018-12-15T08:37:04.607] [ERROR] billbill_download - exec error: Error: Command failed: you-get  -o ./videos https://www.bilibili.com/video/avundefined 
[33;1myou-get: [error] oops, something went wrong.[0m
[33;1myou-get: don't panic, c'est la vie. please try the following steps:[0m
[33;1myou-get:   (1) Rule out any network problem.[0m
[33;1myou-get:   (2) Make sure you-get is up-to-date.[0m
[33;1myou-get:   (3) Check if the issue is already known, on[0m
[33;1myou-get:         https://github.com/soimort/you-get/wiki/Known-Bugs[0m
[33;1myou-get:         https://github.com/soimort/you-get/issues[0m
[33;1myou-get:   (4) Run the command with '--debug' option,[0m
[33;1myou-get:       and report this issue with the full output.[0m
 you-get  -o ./videos https://www.bilibili.com/video/avundefined 
[2018-12-15T08:37:53.371] [INFO] billbill_download - you-get  -o ./videos https://www.bilibili.com/video/avvideolist 
[2018-12-15T08:37:55.693] [ERROR] billbill_download - exec error: Error: Command failed: you-get  -o ./videos https://www.bilibili.com/video/avvideolist 
[33;1myou-get: [error] oops, something went wrong.[0m
[33;1myou-get: don't panic, c'est la vie. please try the following steps:[0m
[33;1myou-get:   (1) Rule out any network problem.[0m
[33;1myou-get:   (2) Make sure you-get is up-to-date.[0m
[33;1myou-get:   (3) Check if the issue is already known, on[0m
[33;1myou-get:         https://github.com/soimort/you-get/wiki/Known-Bugs[0m
[33;1myou-get:         https://github.com/soimort/you-get/issues[0m
[33;1myou-get:   (4) Run the command with '--debug' option,[0m
[33;1myou-get:       and report this issue with the full output.[0m
 you-get  -o ./videos https://www.bilibili.com/video/avvideolist 
[2018-12-15T08:37:55.693] [INFO] billbill_download - you-get  -o ./videos https://www.bilibili.com/video/avundefined 
[2018-12-15T08:38:08.207] [INFO] billbill_download - you-get  -o ./videos https://www.bilibili.com/video/av38146768 
